<?xml version="1.0" encoding="UTF-8"?>
<testsuite name="com.siyun.bowling.GameTest" tests="2" skipped="0" failures="0" errors="0" timestamp="2021-05-01T04:05:40" hostname="Siyuns-MacBook-Pro.local" time="0.023">
  <properties/>
  <testcase name="shouldReturnZeroWhenCreateNewGame()" classname="com.siyun.bowling.GameTest" time="0.02"/>
  <testcase name="shouldScoreZeroForAllGutters()" classname="com.siyun.bowling.GameTest" time="0.002"/>
  <system-out><![CDATA[[0, 0, 0, 0, 0, 0, 0, 0, 0, 0]
]]></system-out>
  <system-err><![CDATA[]]></system-err>
</testsuite>
